[24 January 13:31:25] AdmWarn: Alice_Parker has given himself an item: Cocaine (1)
[24 January 13:31:44] AdmWarn: Alice_Parker has given himself an item: Baking Soda (1)
[24 January 16:55:49] AdmWarn: Amy_Fernandez has given himself an item: Katana (1)
[30 January 1:21:55] AdmWarn: DeAndre_Simpson has given himself an item: .45 ACP (7)
[30 January 1:21:58] AdmWarn: DeAndre_Simpson has given himself an item: .45 ACP (7)
[30 January 1:21:59] AdmWarn: DeAndre_Simpson has given himself an item: .45 ACP (7)
[30 January 1:22:0] AdmWarn: DeAndre_Simpson has given himself an item: .45 ACP (7)
[30 January 1:22:0] AdmWarn: DeAndre_Simpson has given himself an item: .45 ACP (7)
[30 January 1:22:1] AdmWarn: DeAndre_Simpson has given himself an item: .45 ACP (7)
[30 January 1:22:1] AdmWarn: DeAndre_Simpson has given himself an item: .45 ACP (7)
[30 January 1:22:2] AdmWarn: DeAndre_Simpson has given himself an item: .45 ACP (7)
[30 January 1:22:3] AdmWarn: DeAndre_Simpson has given himself an item: .45 ACP (7)
[31 January 15:3:53] AdmWarn: Keyon_Mayfield has given himself an item: AK-47 (6)
[31 January 15:4:22] AdmWarn: Keyon_Mayfield has given himself an item: AK-47 (200)
[31 January 15:6:6] AdmWarn: Keyon_Mayfield has given himself an item: Shotgun (20)
[31 January 15:6:58] AdmWarn: Keyon_Mayfield has given himself an item: M4A1 (20)
[31 January 15:30:24] AdmWarn: Keyon_Mayfield has given himself an item: Baseball Bat (25)
[31 January 15:30:32] AdmWarn: Keyon_Mayfield has given himself an item: Shotgun (5)
[31 January 15:30:44] AdmWarn: Keyon_Mayfield has given himself an item: Shotgun (5)
[31 January 15:30:50] AdmWarn: Keyon_Mayfield has given himself an item: Shotgun (20)
[31 January 15:31:1] AdmWarn: Keyon_Mayfield has given himself an item: Shotgun (20)
[31 January 15:33:11] AdmWarn: Keyon_Mayfield has given himself an item: AK-47 (30)
[31 January 15:33:25] AdmWarn: Keyon_Mayfield has given himself an item: AK-47 (30)
[31 January 15:33:27] AdmWarn: Keyon_Mayfield has given himself an item: AK-47 (30)
[31 January 15:33:28] AdmWarn: Keyon_Mayfield has given himself an item: AK-47 (30)
[31 January 15:33:28] AdmWarn: Keyon_Mayfield has given himself an item: AK-47 (30)
[31 January 15:33:29] AdmWarn: Keyon_Mayfield has given himself an item: AK-47 (30)
[31 January 15:33:30] AdmWarn: Keyon_Mayfield has given himself an item: AK-47 (30)
[31 January 15:33:31] AdmWarn: Keyon_Mayfield has given himself an item: AK-47 (30)
[31 January 15:34:8] AdmWarn: Keyon_Mayfield has given himself an item: M4A1 (30)
[31 January 15:34:10] AdmWarn: Keyon_Mayfield has given himself an item: M4A1 (30)
[31 January 15:34:11] AdmWarn: Keyon_Mayfield has given himself an item: M4A1 (30)
[31 January 15:34:15] AdmWarn: Keyon_Mayfield has given himself an item: M4A1 (50)
[31 January 15:34:15] AdmWarn: Keyon_Mayfield has given himself an item: M4A1 (50)
[31 January 15:34:16] AdmWarn: Keyon_Mayfield has given himself an item: M4A1 (50)
[31 January 15:34:17] AdmWarn: Keyon_Mayfield has given himself an item: M4A1 (50)
[31 January 15:34:17] AdmWarn: Keyon_Mayfield has given himself an item: M4A1 (50)
[31 January 15:34:59] AdmWarn: Keyon_Mayfield has given himself an item: Tec-9 (50)
[31 January 15:35:1] AdmWarn: Keyon_Mayfield has given himself an item: Tec-9 (50)
[31 January 15:35:1] AdmWarn: Keyon_Mayfield has given himself an item: Tec-9 (50)
[31 January 15:35:2] AdmWarn: Keyon_Mayfield has given himself an item: Tec-9 (50)
[31 January 15:35:3] AdmWarn: Keyon_Mayfield has given himself an item: Tec-9 (50)
[31 January 15:35:3] AdmWarn: Keyon_Mayfield has given himself an item: Tec-9 (50)
[31 January 15:35:4] AdmWarn: Keyon_Mayfield has given himself an item: Tec-9 (50)
[31 January 15:35:4] AdmWarn: Keyon_Mayfield has given himself an item: Tec-9 (50)
[31 January 15:35:44] AdmWarn: Keyon_Mayfield has given himself an item: Shotgun (50)
[31 January 15:35:45] AdmWarn: Keyon_Mayfield has given himself an item: Shotgun (50)
[31 January 15:35:46] AdmWarn: Keyon_Mayfield has given himself an item: Shotgun (50)
[31 January 15:35:46] AdmWarn: Keyon_Mayfield has given himself an item: Shotgun (50)
[31 January 15:35:46] AdmWarn: Keyon_Mayfield has given himself an item: Shotgun (50)
[31 January 15:35:47] AdmWarn: Keyon_Mayfield has given himself an item: Shotgun (50)
[31 January 15:35:48] AdmWarn: Keyon_Mayfield has given himself an item: Shotgun (50)
[31 January 15:35:48] AdmWarn: Keyon_Mayfield has given himself an item: Shotgun (50)
[31 January 15:36:9] AdmWarn: Keyon_Mayfield has given himself an item: Shotgun (50)
[31 January 15:36:15] AdmWarn: Keyon_Mayfield has given himself an item: Shotgun (50)
[31 January 15:36:19] AdmWarn: Keyon_Mayfield has given himself an item: Shotgun (50)
[31 January 15:36:24] AdmWarn: Keyon_Mayfield has given himself an item: Shotgun (50)
[1 February 1:42:29] [SHIPMENT] $s($s) has set Xtralarge shipment to arrive in 88 minutes.
[1 February 1:51:47] [SHIPMENT] $s($s) has set Xtralarge shipment to arrive in 88 minutes.
[7 February 17:39:7] AdmWarn: Rumpel_Lepmur has given himself an item: M4A1 (1)
