[14 January 21:9:27] AdmCmd: Player Damien_Mendoza has changed their name to Kylie_Rosales.
[17 January 14:22:49] AdmCmd: Player Kylie_Rosales has changed their name to Chase_Lee.
[17 January 14:24:21] AdmCmd: Player Damien_Mendoza has changed their name to Kylie_Rosales.
[17 January 15:40:45] AdmCmd: Player Malik_Thomas has changed their name to Malik_Bandz.
[17 January 15:51:39] AdmCmd: Player Pedro_Martinez has changed their name to Dexter_Woods.
[18 January 8:29:33] AdmCmd: Player Josiah_Ybarra has changed their name to Keyon_Mayfield.
[18 January 14:21:49] AdmCmd: Player Lorena_Garcia has changed their name to Austin_Frawley.
[18 January 15:20:24] AdmCmd: Player Austin_Frawley has changed their name to Lorena_Garcia.
[18 January 16:1:1] AdmCmd: Player Treyvon_Kennedy has changed their name to Akio_Hayashi.
[19 January 18:27:58] AdmCmd: Player Oliver_Oconnor has changed their name to Lester_Bredlington.
[19 January 19:56:58] AdmCmd: Player Daniel_Fuerte has changed their name to Shawn_Walker.
[23 January 1:5:44] AdmCmd: Player Keyon_Mayfield has changed their name to Lynasia_Kilgore.
[23 January 1:12:17] AdmCmd: Player Lynasia_Kilgore has changed their name to Keyon_Mayfiled.
[23 January 1:12:33] AdmCmd: Player Keyon_Mayfiled has changed their name to Keyon_Mayfield.
[24 January 0:39:36] AdmCmd: Player Daniel_Pearson has changed their name to Bryan_Escobar.
[24 January 13:10:16] AdmCmd: Player Akio_Sakane has changed their name to Oliver_Queen.
[24 January 13:33:29] Admin Brin[Alice_Parker] has changed Alice_Parker's name to Felicity_Smoak.
[24 January 13:33:29] AdmCmd: Player Alice_Parker has changed their name to Felicity_Smoak.
[24 January 13:55:13] AdmCmd: Player Mateo_Flore has changed their name to Emilio_Martinez.
[24 January 17:3:56] AdmCmd: Player Lilliana_Moschella has changed their name to Rhianna_Simpson.
