[18 January 17:26:2] *** Davontae_Mills takes out $50, and hands it to Kahmir_Jackson.
[18 January 20:13:16] *** Akio_Hayashi takes out $40000, and hands it to Alex_Rozzio.
[18 January 23:17:29] *** Keyon_Mayfield takes out $2500, and hands it to Marley_Fairview.
[19 January 11:43:46] *** Diego_Mendez takes out $100, and hands it to Hoshen_Malul.
[19 January 11:47:20] *** Diego_Mendez takes out $2500, and hands it to Hoshen_Malul.
[19 January 12:54:16] *** Jerome_Lacoste takes out $1000, and hands it to Diego_Mendez.
[19 January 18:42:4] *** Lester_Bredlington takes out $50000, and hands it to Jack_Petale.
[19 January 18:42:6] *** Lester_Bredlington takes out $50000, and hands it to Jack_Petale.
[19 January 18:42:8] *** Lester_Bredlington takes out $50000, and hands it to Jack_Petale.
[19 January 18:42:9] *** Lester_Bredlington takes out $50000, and hands it to Jack_Petale.
[19 January 18:42:10] *** Lester_Bredlington takes out $50000, and hands it to Jack_Petale.
[19 January 18:42:12] *** Lester_Bredlington takes out $50000, and hands it to Jack_Petale.
[19 January 18:42:13] *** Lester_Bredlington takes out $50000, and hands it to Jack_Petale.
[19 January 18:42:14] *** Lester_Bredlington takes out $50000, and hands it to Jack_Petale.
[19 January 18:42:16] *** Lester_Bredlington takes out $50000, and hands it to Jack_Petale.
[19 January 18:42:18] *** Lester_Bredlington takes out $50000, and hands it to Jack_Petale.
[19 January 18:42:19] *** Lester_Bredlington takes out $50000, and hands it to Jack_Petale.
[19 January 18:42:24] *** Lester_Bredlington takes out $23700, and hands it to Jack_Petale.
[20 January 11:31:4] *** Melanie_Ferrer takes out $20, and hands it to Jasmine_Bluebery.
[20 January 11:57:59] *** Ethan_Smith takes out $2000, and hands it to Daffy_Anderson.
[20 January 13:16:46] *** Diego_Mendez takes out $30000, and hands it to Oriana_Meyers.
[20 January 21:19:49] *** Alex_Rozzio takes out $8100, and hands it to Akio_Hayashi.
[22 January 17:9:31] *** Ren_Dojima takes out $5000, and hands it to Kylie_Rosales.
[22 January 18:29:54] *** Carlo_Rosini takes out $5, and hands it to Jerome_Lacoste.
[23 January 10:50:7] *** Akio_Hayashi takes out $194, and hands it to Florencia_Martinez.
[23 January 15:46:3] *** Xavier_Lamieu takes out $1000, and hands it to Akio_Hayashi.
[23 January 16:26:39] *** Akio_Hayashi takes out $1000, and hands it to Ren_Dojima.
[23 January 17:23:27] *** Marley_Fairview takes out $19, and hands it to Cameron_Blackman.
[23 January 17:23:33] *** Marley_Fairview takes out $1, and hands it to Cameron_Blackman.
[23 January 17:24:52] *** Cameron_Blackman takes out $10, and hands it to Marley_Fairview.
[23 January 17:26:6] *** Marley_Fairview takes out $10, and hands it to Cameron_Blackman.
[23 January 17:26:35] *** Cameron_Blackman takes out $10, and hands it to Marley_Fairview.
[23 January 17:26:40] *** Marley_Fairview takes out $10, and hands it to Cameron_Blackman.
[23 January 17:41:28] *** Malik_Bandz takes out $100, and hands it to Ethan_Smith.
[23 January 19:10:18] *** Xavier_Lamieu takes out $10000, and hands it to Michael_Salvatore.
[23 January 19:10:23] *** Xavier_Lamieu takes out $5000, and hands it to Michael_Salvatore.
[24 January 0:39:23] *** Malik_Bandz takes out $2000, and hands it to Daniel_Pearson.
[24 January 7:43:29] *** Diego_Mendez takes out $1000, and hands it to Lorena_Garcia.
[24 January 7:43:35] *** Diego_Mendez takes out $9000, and hands it to Lorena_Garcia.
[24 January 7:43:59] *** Shawn_Walker takes out $1, and hands it to Lorena_Garcia.
[24 January 8:46:11] *** Diego_Mendez takes out $5000, and hands it to Lorena_Garcia.
[24 January 9:52:4] *** Lorena_Garcia takes out $9000, and hands it to Diego_Mendez.
[24 January 9:52:52] *** Diego_Mendez takes out $5000, and hands it to Lorena_Garcia.
[24 January 10:58:58] *** Lorena_Garcia takes out $1730, and hands it to Diego_Mendez.
[24 January 10:59:10] *** Lorena_Garcia takes out $20, and hands it to Diego_Mendez.
[24 January 11:36:53] *** Diego_Mendez takes out $50000, and hands it to Ethan_Smith.
[24 January 11:36:58] *** Diego_Mendez takes out $40000, and hands it to Ethan_Smith.
[24 January 13:10:5] *** Alice_Parker takes out $10000, and hands it to Akio_Sakane.
[24 January 13:18:59] *** Terrel_Hobbins takes out $20000, and hands it to Lorena_Garcia.
[24 January 13:28:48] *** Terrel_Hobbins takes out $10000, and hands it to Lorena_Garcia.
[24 January 16:36:9] *** Ethan_Smith takes out $2000, and hands it to Bryan_Escobar.
[24 January 19:10:20] *** Jamie_MacDonald takes out $5000, and hands it to Alex_Rozzio.
