[21 January 12:15:46] Lorena Garcia dropped his M4A1
[22 January 11:24:11] Lorena Garcia dropped his Sniper Rifle
[22 January 11:25:12] Lorena Garcia dropped his M1911
[23 January 17:1:3] Marley_Fairview picked up Shotgun
[23 January 17:1:36] Marley_Fairview picked up M1911
[23 January 17:31:6] *** Marley Fairview gives  M1911 to Joevon Carey.
[23 January 17:31:19] *** Marley Fairview gives  Shotgun to Davontae Mills.
[23 January 17:48:22] *** Joevon Carey gives  M1911 to Marley Fairview.
[23 January 17:48:44] *** Davontae Mills gives  Shotgun to Marley Fairview.
[23 January 17:50:11] *** Marley Fairview gives  M1911 to Davontae Mills.
[23 January 17:56:19] Steven Duncan dropped his M1911
[23 January 18:23:2] Steven Duncan dropped his Desert Eagle
[23 January 18:27:32] Lorena Garcia dropped his HK MP5
[23 January 18:28:12] Lorena Garcia dropped his Desert Eagle
[25 January 10:31:30] Lorena Garcia dropped his M4A1
[25 January 10:43:18] Lorena Garcia dropped his Sniper Rifle
[26 January 10:56:6] Lorena Garcia dropped his M4A1
[26 January 12:47:16] Lorena Garcia dropped his Shotgun
[31 January 14:42:2] Keyon_Mayfield picked up Shotgun
[31 January 15:5:28] Keyon Mayfield dropped his AK-47
[31 January 15:6:45] Keyon_Mayfield picked up AK-47
[31 January 15:6:46] Keyon_Mayfield picked up Shotgun
[31 January 15:6:48] Keyon_Mayfield picked up AK-47
[31 January 15:8:43] Keyon Mayfield dropped his M4A1
[31 January 15:31:29] Keyon Mayfield dropped his Shotgun
[31 January 15:32:2] Keyon Mayfield dropped his Shotgun
[31 January 15:32:43] Keyon Mayfield dropped his Shotgun
[31 January 15:32:59] Keyon Mayfield dropped his Shotgun
[31 January 15:33:15] Keyon_Mayfield picked up AK-47
[31 January 15:36:0] Keyon Mayfield dropped his Shotgun
[31 January 15:37:21] Keyon Mayfield dropped his Shotgun
[31 January 15:37:36] Keyon_Mayfield picked up M4A1
[31 January 15:37:41] Keyon Mayfield dropped his Shotgun
[31 January 15:37:50] Keyon_Mayfield picked up Tec-9
[31 January 15:38:6] Keyon_Mayfield picked up M4A1
[31 January 15:38:14] Keyon_Mayfield picked up AK-47
[31 January 15:38:18] Keyon_Mayfield picked up AK-47
[31 January 15:38:21] Keyon_Mayfield picked up M4A1
[31 January 15:38:24] Keyon_Mayfield picked up M4A1
[31 January 15:38:28] Keyon_Mayfield picked up AK-47
[31 January 15:38:31] Keyon_Mayfield picked up AK-47
[31 January 15:39:0] Keyon Mayfield dropped his M4A1
[31 January 15:39:17] Keyon Mayfield dropped his Shotgun
[31 January 15:39:20] Keyon_Mayfield picked up Tec-9
[31 January 15:39:36] Keyon Mayfield dropped his Tec-9
[31 January 15:39:40] Keyon_Mayfield picked up Tec-9
[31 January 22:44:21] Xavier Lamieu dropped his Desert Eagle
[31 January 22:44:22] Xavier_Lamieu picked up Desert Eagle
[31 January 22:44:32] Xavier_Lamieu picked up Desert Eagle
[5 February 10:22:8] Lorena Garcia dropped his M4A1
